<?xml version="1.0" encoding="UTF-8"?>
<coverage generated="1725172726344" clover="3.2.0">
  <project timestamp="1725172726344" name="All files">
    <metrics statements="8" coveredstatements="8" conditionals="6" coveredconditionals="5" methods="1" coveredmethods="1" elements="15" coveredelements="14" complexity="0" loc="8" ncloc="8" packages="1" files="1" classes="1"/>
    <file name="lifebar.js" path="/Users/yuliya/Desktop/hw_3_task_1/src/lifebar.js">
      <metrics statements="8" coveredstatements="8" conditionals="6" coveredconditionals="5" methods="1" coveredmethods="1"/>
      <line num="2" count="3" type="stmt"/>
      <line num="3" count="3" type="cond" truecount="2" falsecount="0"/>
      <line num="4" count="1" type="stmt"/>
      <line num="5" count="2" type="cond" truecount="2" falsecount="0"/>
      <line num="6" count="1" type="stmt"/>
      <line num="7" count="1" type="cond" truecount="1" falsecount="1"/>
      <line num="8" count="1" type="stmt"/>
      <line num="10" count="3" type="stmt"/>
    </file>
  </project>
</coverage>
